# JRE version: Java(TM) SE Runtime Environment (8.0_202-b08) (build 1.8.0_202-b08)
# Java VM: Java HotSpot(TM) 64-Bit Server VM (25.202-b08 mixed mode windows-amd64 compressed oops)
Heap:
 PSYoungGen      total 37888K, used 24344K [0x00000000d6100000, 0x00000000d8b00000, 0x0000000100000000)
  eden space 32768K, 74% used [0x00000000d6100000,0x00000000d78c61f0,0x00000000d8100000)
  from space 5120K, 0% used [0x00000000d8600000,0x00000000d8600000,0x00000000d8b00000)
  to   space 5120K, 0% used [0x00000000d8100000,0x00000000d8100000,0x00000000d8600000)
 ParOldGen       total 50176K, used 11932K [0x0000000082200000, 0x0000000085300000, 0x00000000d6100000)
  object space 50176K, 23% used [0x0000000082200000,0x0000000082da7100,0x0000000085300000)
 Metaspace       used 26720K, capacity 27590K, committed 27776K, reserved 1073152K
  class space    used 3636K, capacity 3856K, committed 3968K, reserved 1048576K
GC Heap History (6 events):
Event: 2.052 GC heap before
{Heap before GC invocations=1 (full 0):
 PSYoungGen      total 37888K, used 32768K [0x00000000d6100000, 0x00000000d8b00000, 0x0000000100000000)
  eden space 32768K, 100% used [0x00000000d6100000,0x00000000d8100000,0x00000000d8100000)
  from space 5120K, 0% used [0x00000000d8600000,0x00000000d8600000,0x00000000d8b00000)
  to   space 5120K, 0% used [0x00000000d8100000,0x00000000d8100000,0x00000000d8600000)
 ParOldGen       total 86016K, used 0K [0x0000000082200000, 0x0000000087600000, 0x00000000d6100000)
  object space 86016K, 0% used [0x0000000082200000,0x0000000082200000,0x0000000087600000)
 Metaspace       used 13987K, capacity 14662K, committed 14848K, reserved 1062912K
  class space    used 2103K, capacity 2274K, committed 2304K, reserved 1048576K
Event: 2.057 GC heap after
Heap after GC invocations=1 (full 0):
 PSYoungGen      total 37888K, used 5089K [0x00000000d6100000, 0x00000000d8b00000, 0x0000000100000000)
  eden space 32768K, 0% used [0x00000000d6100000,0x00000000d6100000,0x00000000d8100000)
  from space 5120K, 99% used [0x00000000d8100000,0x00000000d85f86a0,0x00000000d8600000)
  to   space 5120K, 0% used [0x00000000d8600000,0x00000000d8600000,0x00000000d8b00000)
 ParOldGen       total 86016K, used 4112K [0x0000000082200000, 0x0000000087600000, 0x00000000d6100000)
  object space 86016K, 4% used [0x0000000082200000,0x0000000082604020,0x0000000087600000)
 Metaspace       used 13987K, capacity 14662K, committed 14848K, reserved 1062912K
  class space    used 2103K, capacity 2274K, committed 2304K, reserved 1048576K
}
Event: 37.659 GC heap before
{Heap before GC invocations=2 (full 0):
 PSYoungGen      total 37888K, used 29875K [0x00000000d6100000, 0x00000000d8b00000, 0x0000000100000000)
  eden space 32768K, 75% used [0x00000000d6100000,0x00000000d7934710,0x00000000d8100000)
  from space 5120K, 99% used [0x00000000d8100000,0x00000000d85f86a0,0x00000000d8600000)
  to   space 5120K, 0% used [0x00000000d8600000,0x00000000d8600000,0x00000000d8b00000)
 ParOldGen       total 86016K, used 4112K [0x0000000082200000, 0x0000000087600000, 0x00000000d6100000)
  object space 86016K, 4% used [0x0000000082200000,0x0000000082604020,0x0000000087600000)
 Metaspace       used 20459K, capacity 21162K, committed 21296K, reserved 1067008K
  class space    used 2744K, capacity 2922K, committed 2944K, reserved 1048576K
Event: 37.668 GC heap after
Heap after GC invocations=2 (full 0):
 PSYoungGen      total 37888K, used 5105K [0x00000000d6100000, 0x00000000d8b00000, 0x0000000100000000)
  eden space 32768K, 0% used [0x00000000d6100000,0x00000000d6100000,0x00000000d8100000)
  from space 5120K, 99% used [0x00000000d8600000,0x00000000d8afc6f0,0x00000000d8b00000)
  to   space 5120K, 0% used [0x00000000d8100000,0x00000000d8100000,0x00000000d8600000)
 ParOldGen       total 86016K, used 9134K [0x0000000082200000, 0x0000000087600000, 0x00000000d6100000)
  object space 86016K, 10% used [0x0000000082200000,0x0000000082aeb8d8,0x0000000087600000)
 Metaspace       used 20459K, capacity 21162K, committed 21296K, reserved 1067008K
  class space    used 2744K, capacity 2922K, committed 2944K, reserved 1048576K
}
Event: 37.668 GC heap before
{Heap before GC invocations=3 (full 1):
 PSYoungGen      total 37888K, used 5105K [0x00000000d6100000, 0x00000000d8b00000, 0x0000000100000000)
  eden space 32768K, 0% used [0x00000000d6100000,0x00000000d6100000,0x00000000d8100000)
  from space 5120K, 99% used [0x00000000d8600000,0x00000000d8afc6f0,0x00000000d8b00000)
  to   space 5120K, 0% used [0x00000000d8100000,0x00000000d8100000,0x00000000d8600000)
 ParOldGen       total 86016K, used 9134K [0x0000000082200000, 0x0000000087600000, 0x00000000d6100000)
  object space 86016K, 10% used [0x0000000082200000,0x0000000082aeb8d8,0x0000000087600000)
 Metaspace       used 20459K, capacity 21162K, committed 21296K, reserved 1067008K
  class space    used 2744K, capacity 2922K, committed 2944K, reserved 1048576K
Event: 37.699 GC heap after
Heap after GC invocations=3 (full 1):
 PSYoungGen      total 37888K, used 0K [0x00000000d6100000, 0x00000000d8b00000, 0x0000000100000000)
  eden space 32768K, 0% used [0x00000000d6100000,0x00000000d6100000,0x00000000d8100000)
  from space 5120K, 0% used [0x00000000d8600000,0x00000000d8600000,0x00000000d8b00000)
  to   space 5120K, 0% used [0x00000000d8100000,0x00000000d8100000,0x00000000d8600000)
 ParOldGen       total 50176K, used 11932K [0x0000000082200000, 0x0000000085300000, 0x00000000d6100000)
  object space 50176K, 23% used [0x0000000082200000,0x0000000082da7100,0x0000000085300000)
 Metaspace       used 20459K, capacity 21162K, committed 21296K, reserved 1067008K
  class space    used 2744K, capacity 2922K, committed 2944K, reserved 1048576K
}

